<?xml version="1.0" encoding="UTF-8"?>
<!-- Generated by org.testng.reporters.JUnitXMLReporter -->
<testsuite ignored="5" hostname="DESKTOP-5OLMRSH" failures="0" tests="6" name="smokeTest" time="853.009" errors="0" timestamp="2025-06-16T19:22:34 IST">
  <testcase classname="testCases.LoginTest" name="LoginTest" time="11.522"/>
  <testcase classname="testCases.PerformancePredictionWorkFlow" name="PPWorkflow" time="256.814"/>
  <testcase classname="testCases.RecipeSuggestionWorkFlow" name="RecipeSuggestionReportGeneration" time="196.009"/>
  <testcase classname="testCases.PerformanceSearchWorkFlow" name="psReport" time="84.13"/>
  <testcase classname="testCases.RecipeSearchWorkFlow" name="RecipeSearchWorkFlowTest" time="150.163"/>
  <testcase classname="testCases.MixedSearchWorkFlow" name="MixedSearchReportGeneration" time="154.015"/>
  <testcase classname="testBase.BaseClass" name="@BeforeSuite launch" time="0.0">
    <ignored/>
  </testcase> <!-- @BeforeSuite launch -->
  <testcase classname="testBase.BaseClass" name="@BeforeSuite launch" time="0.0">
    <ignored/>
  </testcase> <!-- @BeforeSuite launch -->
  <testcase classname="testBase.BaseClass" name="@BeforeSuite launch" time="0.0">
    <ignored/>
  </testcase> <!-- @BeforeSuite launch -->
  <testcase classname="testBase.BaseClass" name="@BeforeSuite launch" time="0.0">
    <ignored/>
  </testcase> <!-- @BeforeSuite launch -->
  <testcase classname="testBase.BaseClass" name="@BeforeSuite launch" time="0.0">
    <ignored/>
  </testcase> <!-- @BeforeSuite launch -->
</testsuite> <!-- smokeTest -->
