<?xml version="1.0" encoding="UTF-8"?>
<!-- Generated by org.testng.reporters.JUnitXMLReporter -->
<testsuite ignored="5" hostname="DESKTOP-5OLMRSH" failures="0" tests="6" name="smokeTest" time="0.16" errors="0" timestamp="2025-06-20T12:17:11 IST">
  <testcase classname="testBase.BaseClass" name="@BeforeSuite launch" time="-1.750402030921E9">
    <failure type="org.testng.TestNGException" message="
Parameter &amp;apos;os&amp;apos; is required by BeforeSuite on method launch but has not been marked @Optional or defined
in C:\Users\SIM-IND-0044\eclipse-workspace\SabicAutomationCodes\Smokesuite.xml">
      <![CDATA[org.testng.TestNGException: 
Parameter 'os' is required by BeforeSuite on method launch but has not been marked @Optional or defined
in C:\Users\SIM-IND-0044\eclipse-workspace\SabicAutomationCodes\Smokesuite.xml
... Removed 16 stack frames]]>
    </failure>
  </testcase> <!-- @BeforeSuite launch -->
  <testcase classname="testCases.LoginTest" name="LoginTest" time="0.0">
    <skipped/>
  </testcase> <!-- LoginTest -->
  <testcase classname="testCases.PerformancePredictionWorkFlow" name="PPWorkflow" time="0.0">
    <skipped/>
  </testcase> <!-- PPWorkflow -->
  <testcase classname="testCases.RecipeSuggestionWorkFlow" name="RecipeSuggestionReportGeneration" time="0.0">
    <skipped/>
  </testcase> <!-- RecipeSuggestionReportGeneration -->
  <testcase classname="testCases.PerformanceSearchWorkFlow" name="psReport" time="0.0">
    <skipped/>
  </testcase> <!-- psReport -->
  <testcase classname="testCases.RecipeSearchWorkFlow" name="RecipeSearchWorkFlowTest" time="0.0">
    <skipped/>
  </testcase> <!-- RecipeSearchWorkFlowTest -->
  <testcase classname="testCases.MixedSearchWorkFlow" name="MixedSearchReportGeneration" time="0.0">
    <skipped/>
  </testcase> <!-- MixedSearchReportGeneration -->
  <testcase classname="testBase.BaseClass" name="@BeforeSuite launch" time="0.0">
    <ignored/>
  </testcase> <!-- @BeforeSuite launch -->
  <testcase classname="testBase.BaseClass" name="@BeforeSuite launch" time="0.0">
    <ignored/>
  </testcase> <!-- @BeforeSuite launch -->
  <testcase classname="testBase.BaseClass" name="@BeforeSuite launch" time="0.0">
    <ignored/>
  </testcase> <!-- @BeforeSuite launch -->
  <testcase classname="testBase.BaseClass" name="@BeforeSuite launch" time="0.0">
    <ignored/>
  </testcase> <!-- @BeforeSuite launch -->
  <testcase classname="testBase.BaseClass" name="@BeforeSuite launch" time="0.0">
    <ignored/>
  </testcase> <!-- @BeforeSuite launch -->
</testsuite> <!-- smokeTest -->
