<?xml version="1.0" encoding="UTF-8"?>
<!-- Generated by org.testng.reporters.JUnitXMLReporter -->
<testsuite ignored="0" hostname="DESKTOP-5OLMRSH" failures="0" tests="1" name="Default test" time="0.075" errors="0" timestamp="2025-06-12T10:16:05 IST">
  <testcase classname="testBase.BaseClass" name="@BeforeSuite launch" time="-1.749703565246E9">
    <failure type="org.testng.TestNGException" message="
Parameter &amp;apos;os&amp;apos; is required by BeforeSuite on method launch but has not been marked @Optional or defined
in C:\Users\SIM-IND-0044\AppData\Local\Temp\testng-eclipse--192857373\testng-customsuite.xml">
      <![CDATA[org.testng.TestNGException: 
Parameter 'os' is required by BeforeSuite on method launch but has not been marked @Optional or defined
in C:\Users\SIM-IND-0044\AppData\Local\Temp\testng-eclipse--192857373\testng-customsuite.xml
at org.testng.internal.Parameters.createParams(Parameters.java:264)
at org.testng.internal.Parameters.createParametersForMethod(Parameters.java:352)
at org.testng.internal.Parameters.createParameters(Parameters.java:690)
at org.testng.internal.Parameters.createConfigurationParameters(Parameters.java:163)
at org.testng.internal.invokers.ConfigInvoker.invokeConfigurations(ConfigInvoker.java:313)
at org.testng.SuiteRunner.privateRun(SuiteRunner.java:358)
at org.testng.SuiteRunner.run(SuiteRunner.java:312)
at org.testng.SuiteRunnerWorker.runSuite(SuiteRunnerWorker.java:52)
at org.testng.SuiteRunnerWorker.run(SuiteRunnerWorker.java:95)
at org.testng.TestNG.runSuitesSequentially(TestNG.java:1274)
at org.testng.TestNG.runSuitesLocally(TestNG.java:1208)
at org.testng.TestNG.runSuites(TestNG.java:1112)
at org.testng.TestNG.run(TestNG.java:1079)
at org.testng.remote.AbstractRemoteTestNG.run(AbstractRemoteTestNG.java:115)
at org.testng.remote.RemoteTestNG.initAndRun(RemoteTestNG.java:293)
at org.testng.remote.RemoteTestNG.main(RemoteTestNG.java:91)
]]>
    </failure>
  </testcase> <!-- @BeforeSuite launch -->
  <testcase classname="testCases.RecipeSuggestionWorkFlow" name="RecipeSuggestionReportGeneration" time="0.0">
    <skipped/>
  </testcase> <!-- RecipeSuggestionReportGeneration -->
</testsuite> <!-- Default test -->
