<?xml version="1.0" encoding="UTF-8"?>
<!-- Generated by org.testng.reporters.JUnitXMLReporter -->
<testsuite ignored="3" hostname="DESKTOP-75M4PH5" failures="0" tests="4" name="Test" time="446.48" errors="0" timestamp="2025-07-04T10:35:08 IST">
  <testcase classname="testCases.LoginTest" name="LoginTest" time="10.352"/>
  <testcase classname="testCases.PerformancePredictionWorkFlow" name="PPWorkflow" time="269.422"/>
  <testcase classname="testCases.RecipeSuggestionWorkFlow" name="RecipeSuggestionReportGeneration" time="147.975"/>
  <testcase classname="testCases.DataExploration" name="dataWorkflow" time="18.555"/>
  <testcase classname="testBase.BaseClass" name="@BeforeSuite launch" time="0.0">
    <ignored/>
  </testcase> <!-- @BeforeSuite launch -->
  <testcase classname="testBase.BaseClass" name="@BeforeSuite launch" time="0.0">
    <ignored/>
  </testcase> <!-- @BeforeSuite launch -->
  <testcase classname="testBase.BaseClass" name="@BeforeSuite launch" time="0.0">
    <ignored/>
  </testcase> <!-- @BeforeSuite launch -->
</testsuite> <!-- Test -->
