<?xml version="1.0" encoding="UTF-8"?>
<!-- Generated by org.testng.reporters.JUnitXMLReporter -->
<testsuite ignored="10" hostname="DESKTOP-5OLMRSH" failures="0" tests="6" name="LoginTest in chrome" time="760.936" errors="0" timestamp="2025-06-23T18:20:23 IST">
  <testcase classname="testCases.LoginTest" name="LoginTest" time="0.826"/>
  <testcase classname="testCases.PerformancePredictionWorkFlow" name="PPWorkflow" time="243.134"/>
  <testcase classname="testCases.RecipeSuggestionWorkFlow" name="RecipeSuggestionReportGeneration" time="165.928"/>
  <testcase classname="testCases.PerformanceSearchWorkFlow" name="psReport" time="65.486"/>
  <testcase classname="testCases.RecipeSearchWorkFlow" name="RecipeSearchWorkFlowTest" time="124.446"/>
  <testcase classname="testCases.MixedSearchWorkFlow" name="MixedSearchReportGeneration" time="153.149"/>
  <testcase classname="testBase.BaseClass" name="@BeforeTest launch" time="0.0">
    <ignored/>
  </testcase> <!-- @BeforeTest launch -->
  <testcase classname="testBase.BaseClass" name="@BeforeTest launch" time="0.0">
    <ignored/>
  </testcase> <!-- @BeforeTest launch -->
  <testcase classname="testBase.BaseClass" name="@AfterTest tearDown" time="0.0">
    <ignored/>
  </testcase> <!-- @AfterTest tearDown -->
  <testcase classname="testBase.BaseClass" name="@BeforeTest launch" time="0.0">
    <ignored/>
  </testcase> <!-- @BeforeTest launch -->
  <testcase classname="testBase.BaseClass" name="@AfterTest tearDown" time="0.0">
    <ignored/>
  </testcase> <!-- @AfterTest tearDown -->
  <testcase classname="testBase.BaseClass" name="@AfterTest tearDown" time="0.0">
    <ignored/>
  </testcase> <!-- @AfterTest tearDown -->
  <testcase classname="testBase.BaseClass" name="@BeforeTest launch" time="0.0">
    <ignored/>
  </testcase> <!-- @BeforeTest launch -->
  <testcase classname="testBase.BaseClass" name="@AfterTest tearDown" time="0.0">
    <ignored/>
  </testcase> <!-- @AfterTest tearDown -->
  <testcase classname="testBase.BaseClass" name="@BeforeTest launch" time="0.0">
    <ignored/>
  </testcase> <!-- @BeforeTest launch -->
  <testcase classname="testBase.BaseClass" name="@AfterTest tearDown" time="0.0">
    <ignored/>
  </testcase> <!-- @AfterTest tearDown -->
</testsuite> <!-- LoginTest in chrome -->
