<?xml version="1.0" encoding="UTF-8"?>
<!-- Generated by org.testng.reporters.JUnitXMLReporter -->
<testsuite ignored="1" hostname="DESKTOP-5OLMRSH" failures="1" tests="1" name="LoginTest in chrome" time="9.998" errors="0" timestamp="2025-05-27T10:06:08 IST">
  <testcase classname="testCases.LoginTest" name="LoginTest" time="0.187">
    <failure type="org.openqa.selenium.ElementClickInterceptedException" message="Element &amp;lt;button class=&amp;quot;btn btn-primary&amp;quot; type=&amp;quot;submit&amp;quot;&amp;gt; is not clickable at point (1014,459) because another element &amp;lt;div class=&amp;quot;loader-wrapper&amp;quot;&amp;gt; obscures it
Build info: version: &amp;apos;4.31.0&amp;apos;, revision: &amp;apos;1ef9f18787*&amp;apos;
System info: os.name: &amp;apos;Windows 10&amp;apos;, os.arch: &amp;apos;amd64&amp;apos;, os.version: &amp;apos;10.0&amp;apos;, java.version: &amp;apos;21.0.6&amp;apos;
Driver info: org.openqa.selenium.firefox.FirefoxDriver
Command: [be18873d-d7bc-4033-8ef1-336361b76955, clickElement {id=4994ba67-5f1a-42de-9cfe-a23247d0ec95}]
Capabilities {acceptInsecureCerts: true, browserName: firefox, browserVersion: 138.0.4, moz:accessibilityChecks: false, moz:buildID: 20250517143237, moz:geckodriverVersion: 0.36.0, moz:headless: false, moz:platformVersion: 10.0, moz:processID: 2928, moz:profile: C:\Users\SIM-IN~1\AppData\L..., moz:shutdownTimeout: 60000, moz:webdriverClick: true, moz:windowless: false, pageLoadStrategy: normal, platformName: windows, proxy: Proxy(), setWindowRect: true, strictFileInteractability: false, timeouts: {implicit: 0, pageLoad: 300000, script: 30000}, unhandledPromptBehavior: dismiss and notify, userAgent: Mozilla/5.0 (Windows NT 10....}
Element: [[FirefoxDriver: firefox on windows (be18873d-d7bc-4033-8ef1-336361b76955)] -&amp;gt; xpath: //button[@class=&amp;apos;btn btn-primary&amp;apos;]]
Session ID: be18873d-d7bc-4033-8ef1-336361b76955">
      <![CDATA[org.openqa.selenium.ElementClickInterceptedException: Element <button class="btn btn-primary" type="submit"> is not clickable at point (1014,459) because another element <div class="loader-wrapper"> obscures it
Build info: version: '4.31.0', revision: '1ef9f18787*'
System info: os.name: 'Windows 10', os.arch: 'amd64', os.version: '10.0', java.version: '21.0.6'
Driver info: org.openqa.selenium.firefox.FirefoxDriver
Command: [be18873d-d7bc-4033-8ef1-336361b76955, clickElement {id=4994ba67-5f1a-42de-9cfe-a23247d0ec95}]
Capabilities {acceptInsecureCerts: true, browserName: firefox, browserVersion: 138.0.4, moz:accessibilityChecks: false, moz:buildID: 20250517143237, moz:geckodriverVersion: 0.36.0, moz:headless: false, moz:platformVersion: 10.0, moz:processID: 2928, moz:profile: C:\Users\SIM-IN~1\AppData\L..., moz:shutdownTimeout: 60000, moz:webdriverClick: true, moz:windowless: false, pageLoadStrategy: normal, platformName: windows, proxy: Proxy(), setWindowRect: true, strictFileInteractability: false, timeouts: {implicit: 0, pageLoad: 300000, script: 30000}, unhandledPromptBehavior: dismiss and notify, userAgent: Mozilla/5.0 (Windows NT 10....}
Element: [[FirefoxDriver: firefox on windows (be18873d-d7bc-4033-8ef1-336361b76955)] -> xpath: //button[@class='btn btn-primary']]
Session ID: be18873d-d7bc-4033-8ef1-336361b76955
at org.openqa.selenium.remote.ErrorCodec.decode(ErrorCodec.java:167)
at org.openqa.selenium.remote.codec.w3c.W3CHttpResponseCodec.decode(W3CHttpResponseCodec.java:138)
at org.openqa.selenium.remote.codec.w3c.W3CHttpResponseCodec.decode(W3CHttpResponseCodec.java:50)
at org.openqa.selenium.remote.HttpCommandExecutor.execute(HttpCommandExecutor.java:215)
at org.openqa.selenium.remote.service.DriverCommandExecutor.invokeExecute(DriverCommandExecutor.java:216)
at org.openqa.selenium.remote.service.DriverCommandExecutor.execute(DriverCommandExecutor.java:174)
at org.openqa.selenium.remote.RemoteWebDriver.execute(RemoteWebDriver.java:545)
at org.openqa.selenium.remote.RemoteWebElement.execute(RemoteWebElement.java:223)
at org.openqa.selenium.remote.RemoteWebElement.click(RemoteWebElement.java:76)
at pageObjects.loginPage.clickonSubmit(loginPage.java:33)
at testCases.LoginTest.LoginTest(LoginTest.java:28)
at java.base/java.util.ArrayList.forEach(ArrayList.java:1596)
... Removed 28 stack frames]]>
    </failure>
  </testcase> <!-- LoginTest -->
  <testcase classname="testCases.LoginTest" name="logOut" time="0.0">
    <ignored/>
  </testcase> <!-- logOut -->
</testsuite> <!-- LoginTest in chrome -->
