<?xml version="1.0" encoding="UTF-8"?>
<!-- Generated by org.testng.reporters.JUnitXMLReporter -->
<testsuite ignored="5" hostname="DESKTOP-5OLMRSH" failures="0" tests="6" name="Test" time="827.85" errors="0" timestamp="2025-06-24T15:00:17 IST">
  <testcase classname="testCases.LoginTest" name="LoginTest" time="11.327"/>
  <testcase classname="testCases.PerformancePredictionWorkFlow" name="PPWorkflow" time="203.246"/>
  <testcase classname="testCases.RecipeSuggestionWorkFlow" name="RecipeSuggestionReportGeneration" time="199.483"/>
  <testcase classname="testCases.RecipeSearchWorkFlow" name="RecipeSearchWorkFlowTest" time="156.177"/>
  <testcase classname="testCases.PerformanceSearchWorkFlow" name="psReport" time="79.826"/>
  <testcase classname="testCases.MixedSearchWorkFlow" name="MixedSearchReportGeneration" time="167.595"/>
  <testcase classname="testBase.BaseClass" name="@BeforeTest launch" time="0.0">
    <ignored/>
  </testcase> <!-- @BeforeTest launch -->
  <testcase classname="testBase.BaseClass" name="@BeforeTest launch" time="0.0">
    <ignored/>
  </testcase> <!-- @BeforeTest launch -->
  <testcase classname="testBase.BaseClass" name="@BeforeTest launch" time="0.0">
    <ignored/>
  </testcase> <!-- @BeforeTest launch -->
  <testcase classname="testBase.BaseClass" name="@BeforeTest launch" time="0.0">
    <ignored/>
  </testcase> <!-- @BeforeTest launch -->
  <testcase classname="testBase.BaseClass" name="@BeforeTest launch" time="0.0">
    <ignored/>
  </testcase> <!-- @BeforeTest launch -->
</testsuite> <!-- Test -->
