<?xml version="1.0" encoding="UTF-8"?>
<testng-results ignored="0" total="2" passed="2" failed="0" skipped="0">
  <reporter-output>
  </reporter-output>
  <suite started-at="2025-06-25T10:12:27 IST" name="Suite" finished-at="2025-06-25T10:15:51 IST" duration-ms="204106">
    <groups>
      <group name="Master">
        <method signature="LoginTest.LoginTest()[pri:1, instance:testCases.LoginTest@239a307b]" name="LoginTest" class="testCases.LoginTest"/>
      </group> <!-- Master -->
      <group name="smoke">
        <method signature="PerformancePredictionWorkFlow.PPWorkflow()[pri:0, instance:testCases.PerformancePredictionWorkFlow@57bc27f5]" name="PPWorkflow" class="testCases.PerformancePredictionWorkFlow"/>
        <method signature="LoginTest.LoginTest()[pri:1, instance:testCases.LoginTest@239a307b]" name="LoginTest" class="testCases.LoginTest"/>
      </group> <!-- smoke -->
    </groups>
    <test started-at="2025-06-25T10:12:27 IST" name="Test" finished-at="2025-06-25T10:15:51 IST" duration-ms="204106">
      <class name="testCases.LoginTest">
        <test-method is-config="true" signature="launch(java.lang.String,java.lang.String)[pri:0, instance:testCases.LoginTest@239a307b]" started-at="2025-06-25T10:12:27 IST" name="launch" finished-at="2025-06-25T10:12:33 IST" duration-ms="6711" status="PASS">
          <params>
            <param index="0">
              <value>
                <![CDATA[windows]]>
              </value>
            </param>
            <param index="1">
              <value>
                <![CDATA[edge]]>
              </value>
            </param>
          </params>
          <reporter-output>
          </reporter-output>
        </test-method> <!-- launch -->
        <test-method signature="LoginTest()[pri:1, instance:testCases.LoginTest@239a307b]" started-at="2025-06-25T10:12:34 IST" name="LoginTest" finished-at="2025-06-25T10:12:43 IST" duration-ms="9734" status="PASS">
          <reporter-output>
          </reporter-output>
        </test-method> <!-- LoginTest -->
        <test-method is-config="true" signature="tearDown()[pri:0, instance:testCases.LoginTest@239a307b]" started-at="2025-06-25T10:15:49 IST" name="tearDown" finished-at="2025-06-25T10:15:51 IST" duration-ms="1569" status="PASS">
          <reporter-output>
          </reporter-output>
        </test-method> <!-- tearDown -->
      </class> <!-- testCases.LoginTest -->
      <class name="testCases.PerformancePredictionWorkFlow">
        <test-method signature="PPWorkflow()[pri:0, instance:testCases.PerformancePredictionWorkFlow@57bc27f5]" started-at="2025-06-25T10:12:43 IST" name="PPWorkflow" finished-at="2025-06-25T10:15:49 IST" duration-ms="185847" status="PASS">
          <reporter-output>
          </reporter-output>
        </test-method> <!-- PPWorkflow -->
      </class> <!-- testCases.PerformancePredictionWorkFlow -->
    </test> <!-- Test -->
  </suite> <!-- Suite -->
</testng-results>
