<?xml version="1.0" encoding="UTF-8"?>
<testng-results ignored="0" total="4" passed="4" failed="0" skipped="0">
  <reporter-output>
  </reporter-output>
  <suite started-at="2025-07-04T10:27:41 IST" name="Suite" finished-at="2025-07-04T10:35:08 IST" duration-ms="446480">
    <groups>
      <group name="Master">
        <method signature="LoginTest.LoginTest()[pri:1, instance:testCases.LoginTest@62656be4]" name="LoginTest" class="testCases.LoginTest"/>
      </group> <!-- Master -->
      <group name="smoke">
        <method signature="DataExploration.dataWorkflow()[pri:0, instance:testCases.DataExploration@747f281]" name="dataWorkflow" class="testCases.DataExploration"/>
        <method signature="PerformancePredictionWorkFlow.PPWorkflow()[pri:0, instance:testCases.PerformancePredictionWorkFlow@b86de0d]" name="PPWorkflow" class="testCases.PerformancePredictionWorkFlow"/>
        <method signature="RecipeSuggestionWorkFlow.RecipeSuggestionReportGeneration()[pri:0, instance:testCases.RecipeSuggestionWorkFlow@81d9a72]" name="RecipeSuggestionReportGeneration" class="testCases.RecipeSuggestionWorkFlow"/>
        <method signature="LoginTest.LoginTest()[pri:1, instance:testCases.LoginTest@62656be4]" name="LoginTest" class="testCases.LoginTest"/>
      </group> <!-- smoke -->
    </groups>
    <test started-at="2025-07-04T10:27:41 IST" name="Test" finished-at="2025-07-04T10:35:08 IST" duration-ms="446480">
      <class name="testCases.LoginTest">
        <test-method is-config="true" signature="launch(java.lang.String,java.lang.String)[pri:0, instance:testCases.LoginTest@62656be4]" started-at="2025-07-04T10:27:34 IST" name="launch" finished-at="2025-07-04T10:27:41 IST" duration-ms="6793" status="PASS">
          <params>
            <param index="0">
              <value>
                <![CDATA[windows]]>
              </value>
            </param>
            <param index="1">
              <value>
                <![CDATA[edge]]>
              </value>
            </param>
          </params>
          <reporter-output>
          </reporter-output>
        </test-method> <!-- launch -->
        <test-method signature="LoginTest()[pri:1, instance:testCases.LoginTest@62656be4]" started-at="2025-07-04T10:27:41 IST" name="LoginTest" finished-at="2025-07-04T10:27:51 IST" duration-ms="10352" status="PASS">
          <reporter-output>
          </reporter-output>
        </test-method> <!-- LoginTest -->
      </class> <!-- testCases.LoginTest -->
      <class name="testCases.PerformancePredictionWorkFlow">
        <test-method signature="PPWorkflow()[pri:0, instance:testCases.PerformancePredictionWorkFlow@b86de0d]" started-at="2025-07-04T10:27:52 IST" name="PPWorkflow" finished-at="2025-07-04T10:32:21 IST" duration-ms="269422" status="PASS">
          <reporter-output>
          </reporter-output>
        </test-method> <!-- PPWorkflow -->
      </class> <!-- testCases.PerformancePredictionWorkFlow -->
      <class name="testCases.RecipeSuggestionWorkFlow">
        <test-method signature="RecipeSuggestionReportGeneration()[pri:0, instance:testCases.RecipeSuggestionWorkFlow@81d9a72]" started-at="2025-07-04T10:32:21 IST" name="RecipeSuggestionReportGeneration" finished-at="2025-07-04T10:34:49 IST" duration-ms="147975" status="PASS">
          <reporter-output>
          </reporter-output>
        </test-method> <!-- RecipeSuggestionReportGeneration -->
      </class> <!-- testCases.RecipeSuggestionWorkFlow -->
      <class name="testCases.DataExploration">
        <test-method signature="dataWorkflow()[pri:0, instance:testCases.DataExploration@747f281]" started-at="2025-07-04T10:34:49 IST" name="dataWorkflow" finished-at="2025-07-04T10:35:08 IST" duration-ms="18555" status="PASS">
          <reporter-output>
          </reporter-output>
        </test-method> <!-- dataWorkflow -->
      </class> <!-- testCases.DataExploration -->
    </test> <!-- Test -->
  </suite> <!-- Suite -->
</testng-results>
