<?xml version="1.0" encoding="UTF-8"?>
<!-- Generated by org.testng.reporters.JUnitXMLReporter -->
<testsuite ignored="2" hostname="DESKTOP-5OLMRSH" failures="0" tests="2" name="LoginAndUserTests" time="20.295" errors="0" timestamp="2025-05-29T13:19:46 IST">
  <testcase classname="testCases.LoginTest" name="LoginTest" time="4.917"/>
  <testcase classname="testCases.CreateUser" name="creatingUser" time="15.225"/>
  <testcase classname="testBase.BaseClass" name="@BeforeSuite launch" time="0.0">
    <ignored/>
  </testcase> <!-- @BeforeSuite launch -->
  <testcase classname="testBase.BaseClass" name="@AfterSuite tearDown" time="0.0">
    <ignored/>
  </testcase> <!-- @AfterSuite tearDown -->
</testsuite> <!-- LoginAndUserTests -->
